<?xml version="1.0" encoding="UTF-8"?>
<!-- Generated by org.testng.reporters.JUnitXMLReporter -->
<testsuite hostname="Ramesh-RR" ignored="1" name="Default test" tests="1" failures="0" timestamp="2020-11-29T14:13:48 IST" time="4.862" errors="0">
  <testcase name="shouldAnswerWithTrue" time="4.83" classname="com.companyname.AppTest"/>
  <testcase name="shouldAnswerWithTrue1" time="0.0" classname="com.companyname.AppTest">
    <ignored/>
  </testcase> <!-- shouldAnswerWithTrue1 -->
</testsuite> <!-- Default test -->
