<?xml version="1.0" encoding="UTF-8"?>
<!-- Generated by org.testng.reporters.JUnitXMLReporter -->
<testsuite hostname="Ramesh-RR" ignored="1" name="Test" tests="1" failures="0" timestamp="2020-11-26T17:15:13 IST" time="2.839" errors="0">
  <testcase name="shouldAnswerWithTrue" time="2.8" classname="com.companyname.AppTest"/>
  <testcase name="shouldAnswerWithTrue1" time="0.0" classname="com.companyname.AppTest">
    <ignored/>
  </testcase> <!-- shouldAnswerWithTrue1 -->
</testsuite> <!-- Test -->
